TpTrace Verbose: 0 : 282218, 1, 2025/12/10, 09:25:40.203, 12056578834661, testhost.dll, Version: 17.12.0 Current process architecture: X64
TpTrace Verbose: 0 : 282218, 1, 2025/12/10, 09:25:40.205, 12056581014395, testhost.dll, Runtime location: /usr/lib/dotnet/shared/Microsoft.NETCore.App/10.0.0
TpTrace Information: 0 : 282218, 1, 2025/12/10, 09:25:40.206, 12056582207399, testhost.dll, DefaultEngineInvoker.Invoke: Testhost process started with args :[--port, 46087],[--endpoint, 127.0.0.1:046087],[--role, client],[--parentprocessid, 282203],[--diag, /home/benjamin/AgentDevelopment/AAS-Sharp-Client/diag.host.25-12-10_09-25-40_13952_5.log],[--tracelevel, 4],[--telemetryoptedin, false]
TpTrace Information: 0 : 282218, 1, 2025/12/10, 09:25:40.206, 12056582357140, testhost.dll, Setting up debug trace listener.
TpTrace Verbose: 0 : 282218, 1, 2025/12/10, 09:25:40.207, 12056582409905, testhost.dll, TestPlatformTraceListener.Setup: Replacing listener System.Diagnostics.DefaultTraceListener with TestHostTraceListener.
TpTrace Verbose: 0 : 282218, 1, 2025/12/10, 09:25:40.207, 12056582445252, testhost.dll, TestPlatformTraceListener.Setup: Added test platform trace listener.
TpTrace Information: 0 : 282218, 1, 2025/12/10, 09:25:40.207, 12056582571171, testhost.dll, DefaultEngineInvoker.SetParentProcessExitCallback: Monitoring parent process with id: '282203'
TpTrace Information: 0 : 282218, 1, 2025/12/10, 09:25:40.209, 12056584846550, testhost.dll, DefaultEngineInvoker.GetConnectionInfo: Initialize communication on endpoint address: '127.0.0.1:046087'
TpTrace Information: 0 : 282218, 1, 2025/12/10, 09:25:40.216, 12056592056706, testhost.dll, SocketClient.Start: connecting to server endpoint: 127.0.0.1:046087
TpTrace Information: 0 : 282218, 10, 2025/12/10, 09:25:40.220, 12056595901210, testhost.dll, SocketClient.OnServerConnected: connected to server endpoint: 127.0.0.1:046087
TpTrace Information: 0 : 282218, 1, 2025/12/10, 09:25:40.221, 12056596756597, testhost.dll, DefaultEngineInvoker.Invoke: Start Request Processing.
TpTrace Information: 0 : 282218, 11, 2025/12/10, 09:25:40.222, 12056597528964, testhost.dll, DefaultEngineInvoker.StartProcessingAsync: Connected to vstest.console, Starting process requests.
TpTrace Verbose: 0 : 282218, 10, 2025/12/10, 09:25:40.222, 12056597664324, testhost.dll, MulticastDelegateUtilities.SafeInvoke: SocketClient: ServerConnected: Invoking callback 1/1 for Microsoft.VisualStudio.TestPlatform.CommunicationUtilities.TestRequestHandler., took 0 ms.
TpTrace Verbose: 0 : 282218, 10, 2025/12/10, 09:25:40.222, 12056597701306, testhost.dll, Connected to server, and starting MessageLoopAsync
TpTrace Verbose: 0 : 282218, 5, 2025/12/10, 09:25:40.226, 12056601502863, testhost.dll, TcpClientExtensions.MessageLoopAsync: Polling on remoteEndPoint: [::ffff:127.0.0.1]:46087 localEndPoint: [::ffff:127.0.0.1]:55882 after 0 ms
TpTrace Verbose: 0 : 282218, 5, 2025/12/10, 09:25:40.239, 12056614429125, testhost.dll, TcpClientExtensions.MessageLoopAsync: NotifyDataAvailable remoteEndPoint: [::ffff:127.0.0.1]:46087 localEndPoint: [::ffff:127.0.0.1]:55882
TpTrace Information: 0 : 282218, 5, 2025/12/10, 09:25:40.240, 12056615881051, testhost.dll, TestRequestHandler.OnMessageReceived: received message: (ProtocolVersion) -> {"MessageType":"ProtocolVersion","Payload":7}
TpTrace Verbose: 0 : 282218, 5, 2025/12/10, 09:25:40.287, 12056662879378, testhost.dll, TestRequestHandler.SendData: sending data from testhost: {"Version":7,"MessageType":"TestSession.Message","Payload":{"MessageLevel":0,"Message":"Logging TestHost Diagnostics in file: /home/benjamin/AgentDevelopment/AAS-Sharp-Client/diag.host.25-12-10_09-25-40_13952_5.log"}}
TpTrace Verbose: 0 : 282218, 5, 2025/12/10, 09:25:40.287, 12056662958797, testhost.dll, MulticastDelegateUtilities.SafeInvoke: LengthPrefixCommunicationChannel: MessageReceived: Invoking callback 1/1 for Microsoft.VisualStudio.TestPlatform.CommunicationUtilities.TestRequestHandler., took 48 ms.
TpTrace Verbose: 0 : 282218, 5, 2025/12/10, 09:25:40.287, 12056662977274, testhost.dll, TcpClientExtensions.MessageLoopAsync: Polling on remoteEndPoint: [::ffff:127.0.0.1]:46087 localEndPoint: [::ffff:127.0.0.1]:55882 after 61 ms
TpTrace Verbose: 0 : 282218, 5, 2025/12/10, 09:25:40.288, 12056664325466, testhost.dll, TcpClientExtensions.MessageLoopAsync: NotifyDataAvailable remoteEndPoint: [::ffff:127.0.0.1]:46087 localEndPoint: [::ffff:127.0.0.1]:55882
TpTrace Information: 0 : 282218, 5, 2025/12/10, 09:25:40.289, 12056664531205, testhost.dll, TestRequestHandler.OnMessageReceived: received message: (TestExecution.Initialize) -> {"Version":7,"MessageType":"TestExecution.Initialize","Payload":["/home/benjamin/AgentDevelopment/AAS-Sharp-Client/tests/AasSharpClient.Tests/bin/Debug/net10.0/xunit.runner.visualstudio.testadapter.dll"]}
TpTrace Verbose: 0 : 282218, 5, 2025/12/10, 09:25:40.292, 12056668154088, testhost.dll, MulticastDelegateUtilities.SafeInvoke: LengthPrefixCommunicationChannel: MessageReceived: Invoking callback 1/1 for Microsoft.VisualStudio.TestPlatform.CommunicationUtilities.TestRequestHandler., took 3 ms.
TpTrace Verbose: 0 : 282218, 5, 2025/12/10, 09:25:40.292, 12056668183338, testhost.dll, TcpClientExtensions.MessageLoopAsync: Polling on remoteEndPoint: [::ffff:127.0.0.1]:46087 localEndPoint: [::ffff:127.0.0.1]:55882 after 5 ms
TpTrace Information: 0 : 282218, 4, 2025/12/10, 09:25:40.293, 12056668417554, testhost.dll, TestRequestHandler.OnMessageReceived: Running job 'TestExecution.Initialize'.
TpTrace Verbose: 0 : 282218, 5, 2025/12/10, 09:25:40.293, 12056668678293, testhost.dll, TcpClientExtensions.MessageLoopAsync: NotifyDataAvailable remoteEndPoint: [::ffff:127.0.0.1]:46087 localEndPoint: [::ffff:127.0.0.1]:55882
TpTrace Information: 0 : 282218, 5, 2025/12/10, 09:25:40.293, 12056668734471, testhost.dll, TestRequestHandler.OnMessageReceived: received message: (TestExecution.StartWithSources) -> {"Version":7,"MessageType":"TestExecution.StartWithSources","Payload":{"AdapterSourceMap":{"_none_":["/home/benjamin/AgentDevelopment/AAS-Sharp-Client/tests/AasSharpClient.Tests/bin/Debug/net10.0/AasSharpClient.Tests.dll"]},"RunSettings":"<RunSettings>\n  <RunConfiguration>\n    <ResultsDirectory>/home/benjamin/AgentDevelopment/AAS-Sharp-Client/tests/AasSharpClient.Tests/TestResults</ResultsDirectory>\n    <TargetFrameworkVersion>.NETCoreApp,Version=v10.0</TargetFrameworkVersion>\n    <DesignMode>False</DesignMode>\n    <CollectSourceInformation>False</CollectSourceInformation>\n  </RunConfiguration>\n  <LoggerRunSettings>\n    <Loggers>\n      <Logger friendlyName=\"Microsoft.TestPlatform.MSBuildLogger\" assemblyQualifiedName=\"Microsoft.VisualStudio.TestPlatform.CommandLine.Internal.MSBuildLogger, vstest.console, Version=15.0.0.0, Culture=neutral, PublicKeyToken=b03f5f7f11d50a3a\" codeBase=\"/usr/lib/dotnet/sdk/10.0.100/vstest.console.dll\" enabled=\"True\">\n        <Configuration>\n          <Verbosity>minimal</Verbosity>\n        </Configuration>\n      </Logger>\n    </Loggers>\n  </LoggerRunSettings>\n</RunSettings>","TestExecutionContext":{"FrequencyOfRunStatsChangeEvent":10,"RunStatsChangeEventTimeout":"00:00:01.5000000","InIsolation":false,"KeepAlive":false,"AreTestCaseLevelEventsRequired":false,"IsDebug":false,"TestCaseFilter":"RemoteShellIntegrationTests","FilterOptions":null},"Package":null}}
TpTrace Verbose: 0 : 282218, 4, 2025/12/10, 09:25:40.293, 12056669311955, testhost.dll, TestExecutorService: Loading the extensions
TpTrace Verbose: 0 : 282218, 4, 2025/12/10, 09:25:40.294, 12056669996683, testhost.dll, TestPluginCache.DiscoverTestExtensions: finding test extensions in assemblies ends with: TestAdapter.dll TPluginInfo: Microsoft.VisualStudio.TestPlatform.Common.ExtensionFramework.Utilities.TestExecutorPluginInformation TExtension: Microsoft.VisualStudio.TestPlatform.ObjectModel.Adapter.ITestExecutor
TpTrace Verbose: 0 : 282218, 4, 2025/12/10, 09:25:40.295, 12056670604806, testhost.dll, TestPluginCache.GetExtensionPaths: Filtered extension paths: 
TpTrace Verbose: 0 : 282218, 4, 2025/12/10, 09:25:40.295, 12056670739689, testhost.dll, TestPluginCache.GetExtensionPaths: Added default extension paths: /home/benjamin/AgentDevelopment/AAS-Sharp-Client/tests/AasSharpClient.Tests/bin/Debug/net10.0/xunit.runner.visualstudio.testadapter.dll
TpTrace Verbose: 0 : 282218, 4, 2025/12/10, 09:25:40.295, 12056670755899, testhost.dll, TestPluginCache.GetExtensionPaths: Added unfilterableExtensionPaths: 
TpTrace Information: 0 : 282218, 4, 2025/12/10, 09:25:40.295, 12056671310987, testhost.dll, AssemblyResolver.ctor: Creating AssemblyResolver with searchDirectories /home/benjamin/AgentDevelopment/AAS-Sharp-Client/tests/AasSharpClient.Tests/bin/Debug/net10.0
TpTrace Verbose: 0 : 282218, 4, 2025/12/10, 09:25:40.296, 12056671711834, testhost.dll, TestPluginCache.DiscoverTestExtensions: Discovering the extensions using extension path.
TpTrace Verbose: 0 : 282218, 4, 2025/12/10, 09:25:40.296, 12056671755926, testhost.dll, TestPluginCache.GetExtensionPaths: Filtered extension paths: 
TpTrace Verbose: 0 : 282218, 4, 2025/12/10, 09:25:40.296, 12056671767678, testhost.dll, TestPluginCache.GetExtensionPaths: Added default extension paths: /home/benjamin/AgentDevelopment/AAS-Sharp-Client/tests/AasSharpClient.Tests/bin/Debug/net10.0/xunit.runner.visualstudio.testadapter.dll
TpTrace Verbose: 0 : 282218, 4, 2025/12/10, 09:25:40.296, 12056671775627, testhost.dll, TestPluginCache.GetExtensionPaths: Added unfilterableExtensionPaths: 
TpTrace Verbose: 0 : 282218, 4, 2025/12/10, 09:25:40.296, 12056671801342, testhost.dll, TestPluginCache.DiscoverTestExtensions: Discovering the extensions using allExtensionPaths: /home/benjamin/AgentDevelopment/AAS-Sharp-Client/tests/AasSharpClient.Tests/bin/Debug/net10.0/xunit.runner.visualstudio.testadapter.dll
TpTrace Information: 0 : 282218, 4, 2025/12/10, 09:25:40.296, 12056672108255, testhost.dll, AssemblyResolver.AddSearchDirectories: Adding more searchDirectories /home/benjamin/AgentDevelopment/AAS-Sharp-Client/tests/AasSharpClient.Tests/bin/Debug/net10.0
TpTrace Information: 0 : 282218, 4, 2025/12/10, 09:25:40.297, 12056673217459, testhost.dll, AssemblyResolver.OnResolve: xunit.runner.visualstudio.testadapter: Resolving assembly.
TpTrace Information: 0 : 282218, 4, 2025/12/10, 09:25:40.297, 12056673248634, testhost.dll, AssemblyResolver.OnResolve: xunit.runner.visualstudio.testadapter: Searching in: '/home/benjamin/AgentDevelopment/AAS-Sharp-Client/tests/AasSharpClient.Tests/bin/Debug/net10.0'.
TpTrace Information: 0 : 282218, 4, 2025/12/10, 09:25:40.301, 12056676470729, testhost.dll, AssemblyResolver.OnResolve: xunit.runner.visualstudio.testadapter: Loading assembly '/home/benjamin/AgentDevelopment/AAS-Sharp-Client/tests/AasSharpClient.Tests/bin/Debug/net10.0/xunit.runner.visualstudio.testadapter.dll'.
TpTrace Information: 0 : 282218, 4, 2025/12/10, 09:25:40.301, 12056676603955, testhost.dll, AssemblyResolver.OnResolve: Resolved assembly: xunit.runner.visualstudio.testadapter, from path: /home/benjamin/AgentDevelopment/AAS-Sharp-Client/tests/AasSharpClient.Tests/bin/Debug/net10.0/xunit.runner.visualstudio.testadapter.dll
TpTrace Verbose: 0 : 282218, 5, 2025/12/10, 09:25:40.304, 12056679778882, testhost.dll, MulticastDelegateUtilities.SafeInvoke: LengthPrefixCommunicationChannel: MessageReceived: Invoking callback 1/1 for Microsoft.VisualStudio.TestPlatform.CommunicationUtilities.TestRequestHandler., took 11 ms.
TpTrace Verbose: 0 : 282218, 5, 2025/12/10, 09:25:40.304, 12056679807267, testhost.dll, TcpClientExtensions.MessageLoopAsync: Polling on remoteEndPoint: [::ffff:127.0.0.1]:46087 localEndPoint: [::ffff:127.0.0.1]:55882 after 11 ms
TpTrace Verbose: 0 : 282218, 4, 2025/12/10, 09:25:40.307, 12056683258348, testhost.dll, MetadataReaderExtensionsHelper: Discovering extensions inside assembly 'xunit.runner.visualstudio.testadapter, Version=2.8.2.0, Culture=neutral, PublicKeyToken=null' file path '/home/benjamin/AgentDevelopment/AAS-Sharp-Client/tests/AasSharpClient.Tests/bin/Debug/net10.0/xunit.runner.visualstudio.testadapter.dll'
TpTrace Information: 0 : 282218, 4, 2025/12/10, 09:25:40.308, 12056684252593, testhost.dll, AssemblyResolver.OnResolve: xunit.runner.utility.netcoreapp10: Resolving assembly.
TpTrace Information: 0 : 282218, 4, 2025/12/10, 09:25:40.308, 12056684281353, testhost.dll, AssemblyResolver.OnResolve: xunit.runner.utility.netcoreapp10: Searching in: '/home/benjamin/AgentDevelopment/AAS-Sharp-Client/tests/AasSharpClient.Tests/bin/Debug/net10.0'.
TpTrace Information: 0 : 282218, 4, 2025/12/10, 09:25:40.308, 12056684360614, testhost.dll, AssemblyResolver.OnResolve: xunit.runner.utility.netcoreapp10: Loading assembly '/home/benjamin/AgentDevelopment/AAS-Sharp-Client/tests/AasSharpClient.Tests/bin/Debug/net10.0/xunit.runner.utility.netcoreapp10.dll'.
TpTrace Information: 0 : 282218, 4, 2025/12/10, 09:25:40.309, 12056684446056, testhost.dll, AssemblyResolver.OnResolve: Resolved assembly: xunit.runner.utility.netcoreapp10, from path: /home/benjamin/AgentDevelopment/AAS-Sharp-Client/tests/AasSharpClient.Tests/bin/Debug/net10.0/xunit.runner.utility.netcoreapp10.dll
TpTrace Information: 0 : 282218, 4, 2025/12/10, 09:25:40.310, 12056685660142, testhost.dll, GetTestExtensionFromType: Register extension with identifier data 'executor://xunit/VsTestRunner2/netcoreapp' and type 'Xunit.Runner.VisualStudio.VsTestRunner, xunit.runner.visualstudio.testadapter, Version=2.8.2.0, Culture=neutral, PublicKeyToken=null' inside file '/home/benjamin/AgentDevelopment/AAS-Sharp-Client/tests/AasSharpClient.Tests/bin/Debug/net10.0/xunit.runner.visualstudio.testadapter.dll'
TpTrace Verbose: 0 : 282218, 4, 2025/12/10, 09:25:40.311, 12056686610874, testhost.dll, TestPluginCache: Discovered the extensions using extension path ''.
TpTrace Verbose: 0 : 282218, 4, 2025/12/10, 09:25:40.311, 12056686858797, testhost.dll, TestPluginCache: Discoverers are ''.
TpTrace Verbose: 0 : 282218, 4, 2025/12/10, 09:25:40.311, 12056686896944, testhost.dll, TestPluginCache: Executors are 'executor://xunit/VsTestRunner2/netcoreapp'.
TpTrace Verbose: 0 : 282218, 4, 2025/12/10, 09:25:40.311, 12056686918344, testhost.dll, TestPluginCache: Executors2 are ''.
TpTrace Verbose: 0 : 282218, 4, 2025/12/10, 09:25:40.311, 12056686932936, testhost.dll, TestPluginCache: Setting providers are ''.
TpTrace Verbose: 0 : 282218, 4, 2025/12/10, 09:25:40.311, 12056686946462, testhost.dll, TestPluginCache: Loggers are ''.
TpTrace Verbose: 0 : 282218, 4, 2025/12/10, 09:25:40.311, 12056686961108, testhost.dll, TestPluginCache: TestHosts are ''.
TpTrace Verbose: 0 : 282218, 4, 2025/12/10, 09:25:40.311, 12056686975688, testhost.dll, TestPluginCache: DataCollectors are ''.
TpTrace Verbose: 0 : 282218, 4, 2025/12/10, 09:25:40.312, 12056687841896, testhost.dll, TestPluginCache.DiscoverTestExtensions: finding test extensions in assemblies ends with: TestAdapter.dll TPluginInfo: Microsoft.VisualStudio.TestPlatform.Common.ExtensionFramework.Utilities.TestExecutorPluginInformation2 TExtension: Microsoft.VisualStudio.TestPlatform.ObjectModel.Adapter.ITestExecutor2
TpTrace Verbose: 0 : 282218, 4, 2025/12/10, 09:25:40.312, 12056687956068, testhost.dll, TestPluginCache.GetExtensionPaths: Filtered extension paths: 
TpTrace Verbose: 0 : 282218, 4, 2025/12/10, 09:25:40.312, 12056687972223, testhost.dll, TestPluginCache.GetExtensionPaths: Added default extension paths: /home/benjamin/AgentDevelopment/AAS-Sharp-Client/tests/AasSharpClient.Tests/bin/Debug/net10.0/xunit.runner.visualstudio.testadapter.dll
TpTrace Verbose: 0 : 282218, 4, 2025/12/10, 09:25:40.312, 12056687980126, testhost.dll, TestPluginCache.GetExtensionPaths: Added unfilterableExtensionPaths: 
TpTrace Information: 0 : 282218, 4, 2025/12/10, 09:25:40.312, 12056688031921, testhost.dll, AssemblyResolver.AddSearchDirectories: Adding more searchDirectories /home/benjamin/AgentDevelopment/AAS-Sharp-Client/tests/AasSharpClient.Tests/bin/Debug/net10.0
TpTrace Verbose: 0 : 282218, 4, 2025/12/10, 09:25:40.312, 12056688045587, testhost.dll, TestPluginCache.DiscoverTestExtensions: Discovering the extensions using extension path.
TpTrace Verbose: 0 : 282218, 4, 2025/12/10, 09:25:40.312, 12056688052705, testhost.dll, TestPluginCache.GetExtensionPaths: Filtered extension paths: 
TpTrace Verbose: 0 : 282218, 4, 2025/12/10, 09:25:40.312, 12056688058083, testhost.dll, TestPluginCache.GetExtensionPaths: Added default extension paths: /home/benjamin/AgentDevelopment/AAS-Sharp-Client/tests/AasSharpClient.Tests/bin/Debug/net10.0/xunit.runner.visualstudio.testadapter.dll
TpTrace Verbose: 0 : 282218, 4, 2025/12/10, 09:25:40.312, 12056688068502, testhost.dll, TestPluginCache.GetExtensionPaths: Added unfilterableExtensionPaths: 
TpTrace Verbose: 0 : 282218, 4, 2025/12/10, 09:25:40.312, 12056688075292, testhost.dll, TestPluginCache.DiscoverTestExtensions: Discovering the extensions using allExtensionPaths: /home/benjamin/AgentDevelopment/AAS-Sharp-Client/tests/AasSharpClient.Tests/bin/Debug/net10.0/xunit.runner.visualstudio.testadapter.dll
TpTrace Information: 0 : 282218, 4, 2025/12/10, 09:25:40.312, 12056688086545, testhost.dll, AssemblyResolver.AddSearchDirectories: Adding more searchDirectories /home/benjamin/AgentDevelopment/AAS-Sharp-Client/tests/AasSharpClient.Tests/bin/Debug/net10.0
TpTrace Verbose: 0 : 282218, 4, 2025/12/10, 09:25:40.312, 12056688106581, testhost.dll, MetadataReaderExtensionsHelper: Discovering extensions inside assembly 'xunit.runner.visualstudio.testadapter, Version=2.8.2.0, Culture=neutral, PublicKeyToken=null' file path '/home/benjamin/AgentDevelopment/AAS-Sharp-Client/tests/AasSharpClient.Tests/bin/Debug/net10.0/xunit.runner.visualstudio.testadapter.dll'
TpTrace Verbose: 0 : 282218, 4, 2025/12/10, 09:25:40.313, 12056688446105, testhost.dll, TestPluginCache: Discovered the extensions using extension path ''.
TpTrace Verbose: 0 : 282218, 4, 2025/12/10, 09:25:40.313, 12056688465916, testhost.dll, TestPluginCache: Discoverers are ''.
TpTrace Verbose: 0 : 282218, 4, 2025/12/10, 09:25:40.313, 12056688478444, testhost.dll, TestPluginCache: Executors are 'executor://xunit/VsTestRunner2/netcoreapp'.
TpTrace Verbose: 0 : 282218, 4, 2025/12/10, 09:25:40.313, 12056688492570, testhost.dll, TestPluginCache: Executors2 are ''.
TpTrace Verbose: 0 : 282218, 4, 2025/12/10, 09:25:40.313, 12056688498319, testhost.dll, TestPluginCache: Setting providers are ''.
TpTrace Verbose: 0 : 282218, 4, 2025/12/10, 09:25:40.313, 12056688503775, testhost.dll, TestPluginCache: Loggers are ''.
TpTrace Verbose: 0 : 282218, 4, 2025/12/10, 09:25:40.313, 12056688509045, testhost.dll, TestPluginCache: TestHosts are ''.
TpTrace Verbose: 0 : 282218, 4, 2025/12/10, 09:25:40.313, 12056688514516, testhost.dll, TestPluginCache: DataCollectors are ''.
TpTrace Information: 0 : 282218, 4, 2025/12/10, 09:25:40.317, 12056692520469, testhost.dll, TestPluginManager.CreateTestExtension: Attempting to load test extension: Xunit.Runner.VisualStudio.VsTestRunner
TpTrace Verbose: 0 : 282218, 4, 2025/12/10, 09:25:40.317, 12056692709110, testhost.dll, TestExecutorExtensionManager: Loading executor Microsoft.VisualStudio.TestPlatform.Common.ExtensionDecorators.SerialTestRunDecorator
TpTrace Verbose: 0 : 282218, 4, 2025/12/10, 09:25:40.317, 12056692728689, testhost.dll, TestExecutorService: Loaded the executors
TpTrace Verbose: 0 : 282218, 4, 2025/12/10, 09:25:40.317, 12056692989875, testhost.dll, TestPluginCache.DiscoverTestExtensions: finding test extensions in assemblies ends with: TestAdapter.dll TPluginInfo: Microsoft.VisualStudio.TestPlatform.Common.ExtensionFramework.Utilities.TestSettingsProviderPluginInformation TExtension: Microsoft.VisualStudio.TestPlatform.ObjectModel.Adapter.ISettingsProvider
TpTrace Verbose: 0 : 282218, 4, 2025/12/10, 09:25:40.317, 12056693033294, testhost.dll, TestPluginCache.GetExtensionPaths: Filtered extension paths: 
TpTrace Verbose: 0 : 282218, 4, 2025/12/10, 09:25:40.317, 12056693043729, testhost.dll, TestPluginCache.GetExtensionPaths: Added default extension paths: /home/benjamin/AgentDevelopment/AAS-Sharp-Client/tests/AasSharpClient.Tests/bin/Debug/net10.0/xunit.runner.visualstudio.testadapter.dll
TpTrace Verbose: 0 : 282218, 4, 2025/12/10, 09:25:40.317, 12056693050570, testhost.dll, TestPluginCache.GetExtensionPaths: Added unfilterableExtensionPaths: 
TpTrace Information: 0 : 282218, 4, 2025/12/10, 09:25:40.317, 12056693073222, testhost.dll, AssemblyResolver.AddSearchDirectories: Adding more searchDirectories /home/benjamin/AgentDevelopment/AAS-Sharp-Client/tests/AasSharpClient.Tests/bin/Debug/net10.0
TpTrace Verbose: 0 : 282218, 4, 2025/12/10, 09:25:40.317, 12056693083784, testhost.dll, TestPluginCache.DiscoverTestExtensions: Discovering the extensions using extension path.
TpTrace Verbose: 0 : 282218, 4, 2025/12/10, 09:25:40.317, 12056693089970, testhost.dll, TestPluginCache.GetExtensionPaths: Filtered extension paths: 
TpTrace Verbose: 0 : 282218, 4, 2025/12/10, 09:25:40.317, 12056693095554, testhost.dll, TestPluginCache.GetExtensionPaths: Added default extension paths: /home/benjamin/AgentDevelopment/AAS-Sharp-Client/tests/AasSharpClient.Tests/bin/Debug/net10.0/xunit.runner.visualstudio.testadapter.dll
TpTrace Verbose: 0 : 282218, 4, 2025/12/10, 09:25:40.317, 12056693103695, testhost.dll, TestPluginCache.GetExtensionPaths: Added unfilterableExtensionPaths: 
TpTrace Verbose: 0 : 282218, 4, 2025/12/10, 09:25:40.317, 12056693109766, testhost.dll, TestPluginCache.DiscoverTestExtensions: Discovering the extensions using allExtensionPaths: /home/benjamin/AgentDevelopment/AAS-Sharp-Client/tests/AasSharpClient.Tests/bin/Debug/net10.0/xunit.runner.visualstudio.testadapter.dll
TpTrace Information: 0 : 282218, 4, 2025/12/10, 09:25:40.317, 12056693119010, testhost.dll, AssemblyResolver.AddSearchDirectories: Adding more searchDirectories /home/benjamin/AgentDevelopment/AAS-Sharp-Client/tests/AasSharpClient.Tests/bin/Debug/net10.0
TpTrace Verbose: 0 : 282218, 4, 2025/12/10, 09:25:40.317, 12056693138989, testhost.dll, MetadataReaderExtensionsHelper: Discovering extensions inside assembly 'xunit.runner.visualstudio.testadapter, Version=2.8.2.0, Culture=neutral, PublicKeyToken=null' file path '/home/benjamin/AgentDevelopment/AAS-Sharp-Client/tests/AasSharpClient.Tests/bin/Debug/net10.0/xunit.runner.visualstudio.testadapter.dll'
TpTrace Verbose: 0 : 282218, 4, 2025/12/10, 09:25:40.318, 12056693452219, testhost.dll, TestPluginCache: Discovered the extensions using extension path ''.
TpTrace Verbose: 0 : 282218, 4, 2025/12/10, 09:25:40.318, 12056693473505, testhost.dll, TestPluginCache: Discoverers are ''.
TpTrace Verbose: 0 : 282218, 4, 2025/12/10, 09:25:40.318, 12056693481027, testhost.dll, TestPluginCache: Executors are 'executor://xunit/VsTestRunner2/netcoreapp'.
TpTrace Verbose: 0 : 282218, 4, 2025/12/10, 09:25:40.318, 12056693487543, testhost.dll, TestPluginCache: Executors2 are ''.
TpTrace Verbose: 0 : 282218, 4, 2025/12/10, 09:25:40.318, 12056693497676, testhost.dll, TestPluginCache: Setting providers are ''.
TpTrace Verbose: 0 : 282218, 4, 2025/12/10, 09:25:40.318, 12056693503263, testhost.dll, TestPluginCache: Loggers are ''.
TpTrace Verbose: 0 : 282218, 4, 2025/12/10, 09:25:40.318, 12056693512575, testhost.dll, TestPluginCache: TestHosts are ''.
TpTrace Verbose: 0 : 282218, 4, 2025/12/10, 09:25:40.318, 12056693517947, testhost.dll, TestPluginCache: DataCollectors are ''.
TpTrace Verbose: 0 : 282218, 4, 2025/12/10, 09:25:40.318, 12056693802931, testhost.dll, TestExecutorService: Loaded the settings providers
TpTrace Information: 0 : 282218, 4, 2025/12/10, 09:25:40.318, 12056693821244, testhost.dll, TestExecutorService: Loaded the extensions
TpTrace Information: 0 : 282218, 4, 2025/12/10, 09:25:40.318, 12056694033044, testhost.dll, TestRequestHandler.OnMessageReceived: Running job 'TestExecution.StartWithSources'.
TpTrace Information: 0 : 282218, 4, 2025/12/10, 09:25:40.341, 12056716679675, testhost.dll, TestDiscoveryManager: Discovering tests from sources /home/benjamin/AgentDevelopment/AAS-Sharp-Client/tests/AasSharpClient.Tests/bin/Debug/net10.0/AasSharpClient.Tests.dll
TpTrace Verbose: 0 : 282218, 4, 2025/12/10, 09:25:40.342, 12056717518011, testhost.dll, TestPluginCache.DiscoverTestExtensions: finding test extensions in assemblies ends with: TestAdapter.dll TPluginInfo: Microsoft.VisualStudio.TestPlatform.Common.ExtensionFramework.Utilities.TestDiscovererPluginInformation TExtension: Microsoft.VisualStudio.TestPlatform.ObjectModel.Adapter.ITestDiscoverer
TpTrace Verbose: 0 : 282218, 4, 2025/12/10, 09:25:40.342, 12056717577362, testhost.dll, TestPluginCache.GetExtensionPaths: Filtered extension paths: 
TpTrace Verbose: 0 : 282218, 4, 2025/12/10, 09:25:40.342, 12056717592090, testhost.dll, TestPluginCache.GetExtensionPaths: Added default extension paths: /home/benjamin/AgentDevelopment/AAS-Sharp-Client/tests/AasSharpClient.Tests/bin/Debug/net10.0/xunit.runner.visualstudio.testadapter.dll
TpTrace Verbose: 0 : 282218, 4, 2025/12/10, 09:25:40.342, 12056717598369, testhost.dll, TestPluginCache.GetExtensionPaths: Added unfilterableExtensionPaths: 
TpTrace Information: 0 : 282218, 4, 2025/12/10, 09:25:40.342, 12056717622433, testhost.dll, AssemblyResolver.AddSearchDirectories: Adding more searchDirectories /home/benjamin/AgentDevelopment/AAS-Sharp-Client/tests/AasSharpClient.Tests/bin/Debug/net10.0
TpTrace Verbose: 0 : 282218, 4, 2025/12/10, 09:25:40.342, 12056717630860, testhost.dll, TestPluginCache.DiscoverTestExtensions: Discovering the extensions using extension path.
TpTrace Verbose: 0 : 282218, 4, 2025/12/10, 09:25:40.342, 12056717637056, testhost.dll, TestPluginCache.GetExtensionPaths: Filtered extension paths: 
TpTrace Verbose: 0 : 282218, 4, 2025/12/10, 09:25:40.342, 12056717642227, testhost.dll, TestPluginCache.GetExtensionPaths: Added default extension paths: /home/benjamin/AgentDevelopment/AAS-Sharp-Client/tests/AasSharpClient.Tests/bin/Debug/net10.0/xunit.runner.visualstudio.testadapter.dll
TpTrace Verbose: 0 : 282218, 4, 2025/12/10, 09:25:40.342, 12056717647705, testhost.dll, TestPluginCache.GetExtensionPaths: Added unfilterableExtensionPaths: 
TpTrace Verbose: 0 : 282218, 4, 2025/12/10, 09:25:40.342, 12056717653370, testhost.dll, TestPluginCache.DiscoverTestExtensions: Discovering the extensions using allExtensionPaths: /home/benjamin/AgentDevelopment/AAS-Sharp-Client/tests/AasSharpClient.Tests/bin/Debug/net10.0/xunit.runner.visualstudio.testadapter.dll
TpTrace Information: 0 : 282218, 4, 2025/12/10, 09:25:40.342, 12056717668880, testhost.dll, AssemblyResolver.AddSearchDirectories: Adding more searchDirectories /home/benjamin/AgentDevelopment/AAS-Sharp-Client/tests/AasSharpClient.Tests/bin/Debug/net10.0
TpTrace Verbose: 0 : 282218, 4, 2025/12/10, 09:25:40.342, 12056717693834, testhost.dll, MetadataReaderExtensionsHelper: Discovering extensions inside assembly 'xunit.runner.visualstudio.testadapter, Version=2.8.2.0, Culture=neutral, PublicKeyToken=null' file path '/home/benjamin/AgentDevelopment/AAS-Sharp-Client/tests/AasSharpClient.Tests/bin/Debug/net10.0/xunit.runner.visualstudio.testadapter.dll'
TpTrace Information: 0 : 282218, 4, 2025/12/10, 09:25:40.344, 12056719537746, testhost.dll, GetTestExtensionFromType: Register extension with identifier data 'Xunit.Runner.VisualStudio.VsTestRunner, xunit.runner.visualstudio.testadapter, Version=2.8.2.0, Culture=neutral, PublicKeyToken=null' and type 'Xunit.Runner.VisualStudio.VsTestRunner, xunit.runner.visualstudio.testadapter, Version=2.8.2.0, Culture=neutral, PublicKeyToken=null' inside file '/home/benjamin/AgentDevelopment/AAS-Sharp-Client/tests/AasSharpClient.Tests/bin/Debug/net10.0/xunit.runner.visualstudio.testadapter.dll'
TpTrace Verbose: 0 : 282218, 4, 2025/12/10, 09:25:40.344, 12056719612762, testhost.dll, TestPluginCache: Discovered the extensions using extension path ''.
TpTrace Verbose: 0 : 282218, 4, 2025/12/10, 09:25:40.344, 12056719629752, testhost.dll, TestPluginCache: Discoverers are 'Xunit.Runner.VisualStudio.VsTestRunner, xunit.runner.visualstudio.testadapter, Version=2.8.2.0, Culture=neutral, PublicKeyToken=null'.
TpTrace Verbose: 0 : 282218, 4, 2025/12/10, 09:25:40.344, 12056719636702, testhost.dll, TestPluginCache: Executors are 'executor://xunit/VsTestRunner2/netcoreapp'.
TpTrace Verbose: 0 : 282218, 4, 2025/12/10, 09:25:40.344, 12056719643464, testhost.dll, TestPluginCache: Executors2 are ''.
TpTrace Verbose: 0 : 282218, 4, 2025/12/10, 09:25:40.344, 12056719649115, testhost.dll, TestPluginCache: Setting providers are ''.
TpTrace Verbose: 0 : 282218, 4, 2025/12/10, 09:25:40.344, 12056719654298, testhost.dll, TestPluginCache: Loggers are ''.
TpTrace Verbose: 0 : 282218, 4, 2025/12/10, 09:25:40.344, 12056719661615, testhost.dll, TestPluginCache: TestHosts are ''.
TpTrace Verbose: 0 : 282218, 4, 2025/12/10, 09:25:40.344, 12056719669512, testhost.dll, TestPluginCache: DataCollectors are ''.
TpTrace Information: 0 : 282218, 4, 2025/12/10, 09:25:40.345, 12056721025056, testhost.dll, PEReaderHelper.GetAssemblyType: Determined assemblyType:'Managed' for source: '/home/benjamin/AgentDevelopment/AAS-Sharp-Client/tests/AasSharpClient.Tests/bin/Debug/net10.0/AasSharpClient.Tests.dll'
TpTrace Verbose: 0 : 282218, 4, 2025/12/10, 09:25:40.354, 12056729445537, testhost.dll, BaseRunTests.RunTestInternalWithExecutors: Running tests for executor://xunit/VsTestRunner2/netcoreapp
TpTrace Information: 0 : 282218, 4, 2025/12/10, 09:25:40.357, 12056732496108, testhost.dll, [xUnit.net 00:00:00.00] xUnit.net VSTest Adapter v2.8.2+699d445a1a (64-bit .NET 10.0.0)
TpTrace Verbose: 0 : 282218, 4, 2025/12/10, 09:25:40.357, 12056732569608, testhost.dll, TestRequestHandler.SendData: sending data from testhost: {"Version":7,"MessageType":"TestSession.Message","Payload":{"MessageLevel":0,"Message":"[xUnit.net 00:00:00.00] xUnit.net VSTest Adapter v2.8.2+699d445a1a (64-bit .NET 10.0.0)"}}
TpTrace Verbose: 0 : 282218, 4, 2025/12/10, 09:25:40.357, 12056732629783, testhost.dll, MulticastDelegateUtilities.SafeInvoke: TestRunMessageLoggerProxy.SendMessage: Invoking callback 1/1 for Microsoft.VisualStudio.TestPlatform.CrossPlatEngine.Execution.RunTestsWithSources., took 0 ms.
TpTrace Information: 0 : 282218, 4, 2025/12/10, 09:25:40.362, 12056738174595, testhost.dll, AssemblyResolver.OnResolve: xunit.runner.reporters.netcoreapp10: Resolving assembly.
TpTrace Information: 0 : 282218, 4, 2025/12/10, 09:25:40.362, 12056738201907, testhost.dll, AssemblyResolver.OnResolve: xunit.runner.reporters.netcoreapp10: Searching in: '/home/benjamin/AgentDevelopment/AAS-Sharp-Client/tests/AasSharpClient.Tests/bin/Debug/net10.0'.
TpTrace Information: 0 : 282218, 4, 2025/12/10, 09:25:40.362, 12056738272669, testhost.dll, AssemblyResolver.OnResolve: xunit.runner.reporters.netcoreapp10: Loading assembly '/home/benjamin/AgentDevelopment/AAS-Sharp-Client/tests/AasSharpClient.Tests/bin/Debug/net10.0/xunit.runner.reporters.netcoreapp10.dll'.
TpTrace Information: 0 : 282218, 4, 2025/12/10, 09:25:40.362, 12056738329603, testhost.dll, AssemblyResolver.OnResolve: Resolved assembly: xunit.runner.reporters.netcoreapp10, from path: /home/benjamin/AgentDevelopment/AAS-Sharp-Client/tests/AasSharpClient.Tests/bin/Debug/net10.0/xunit.runner.reporters.netcoreapp10.dll
TpTrace Information: 0 : 282218, 4, 2025/12/10, 09:25:40.391, 12056766957416, testhost.dll, [xUnit.net 00:00:00.03]   Discovering: AasSharpClient.Tests
TpTrace Verbose: 0 : 282218, 4, 2025/12/10, 09:25:40.391, 12056767047729, testhost.dll, TestRequestHandler.SendData: sending data from testhost: {"Version":7,"MessageType":"TestSession.Message","Payload":{"MessageLevel":0,"Message":"[xUnit.net 00:00:00.03]   Discovering: AasSharpClient.Tests"}}
TpTrace Verbose: 0 : 282218, 4, 2025/12/10, 09:25:40.391, 12056767104264, testhost.dll, MulticastDelegateUtilities.SafeInvoke: TestRunMessageLoggerProxy.SendMessage: Invoking callback 1/1 for Microsoft.VisualStudio.TestPlatform.CrossPlatEngine.Execution.RunTestsWithSources., took 0 ms.
TpTrace Information: 0 : 282218, 4, 2025/12/10, 09:25:40.419, 12056794731954, testhost.dll, [xUnit.net 00:00:00.06]   Discovered:  AasSharpClient.Tests
TpTrace Verbose: 0 : 282218, 4, 2025/12/10, 09:25:40.419, 12056794833185, testhost.dll, TestRequestHandler.SendData: sending data from testhost: {"Version":7,"MessageType":"TestSession.Message","Payload":{"MessageLevel":0,"Message":"[xUnit.net 00:00:00.06]   Discovered:  AasSharpClient.Tests"}}
TpTrace Verbose: 0 : 282218, 4, 2025/12/10, 09:25:40.419, 12056794909819, testhost.dll, MulticastDelegateUtilities.SafeInvoke: TestRunMessageLoggerProxy.SendMessage: Invoking callback 1/1 for Microsoft.VisualStudio.TestPlatform.CrossPlatEngine.Execution.RunTestsWithSources., took 0 ms.
TpTrace Information: 0 : 282218, 4, 2025/12/10, 09:25:40.424, 12056800118131, testhost.dll, [xUnit.net 00:00:00.06]   Starting:    AasSharpClient.Tests
TpTrace Verbose: 0 : 282218, 4, 2025/12/10, 09:25:40.424, 12056800196231, testhost.dll, TestRequestHandler.SendData: sending data from testhost: {"Version":7,"MessageType":"TestSession.Message","Payload":{"MessageLevel":0,"Message":"[xUnit.net 00:00:00.06]   Starting:    AasSharpClient.Tests"}}
TpTrace Verbose: 0 : 282218, 4, 2025/12/10, 09:25:40.424, 12056800247636, testhost.dll, MulticastDelegateUtilities.SafeInvoke: TestRunMessageLoggerProxy.SendMessage: Invoking callback 1/1 for Microsoft.VisualStudio.TestPlatform.CrossPlatEngine.Execution.RunTestsWithSources., took 0 ms.
TpTrace Verbose: 0 : 282218, 14, 2025/12/10, 09:25:40.440, 12056815647069, testhost.dll, TestExecutionRecorder.RecordStart: Starting test: AasSharpClient.Tests.RemoteShellIntegrationTests.Reads_ProductIdentification_From_Remote_Shell.
TpTrace Error: 0 : 282218, 14, 2025/12/10, 09:25:40.523, 12056899327943, testhost.dll, [xUnit.net 00:00:00.16]     AasSharpClient.Tests.RemoteShellIntegrationTests.Reads_ProductIdentification_From_Remote_Shell [FAIL]
TpTrace Verbose: 0 : 282218, 14, 2025/12/10, 09:25:40.524, 12056899421420, testhost.dll, TestRequestHandler.SendData: sending data from testhost: {"Version":7,"MessageType":"TestSession.Message","Payload":{"MessageLevel":2,"Message":"[xUnit.net 00:00:00.16]     AasSharpClient.Tests.RemoteShellIntegrationTests.Reads_ProductIdentification_From_Remote_Shell [FAIL]"}}
TpTrace Verbose: 0 : 282218, 14, 2025/12/10, 09:25:40.524, 12056899477867, testhost.dll, MulticastDelegateUtilities.SafeInvoke: TestRunMessageLoggerProxy.SendMessage: Invoking callback 1/1 for Microsoft.VisualStudio.TestPlatform.CrossPlatEngine.Execution.RunTestsWithSources., took 0 ms.
TpTrace Information: 0 : 282218, 14, 2025/12/10, 09:25:40.524, 12056899733978, testhost.dll, [xUnit.net 00:00:00.16]       Exception | -2147467262 |  - Unable to cast object of type 'BaSyx.Models.AdminShell.Reference' to type 'BaSyx.Models.AdminShell.IReference`1[BaSyx.Models.AdminShell.ISubmodel]'.
TpTrace Verbose: 0 : 282218, 14, 2025/12/10, 09:25:40.524, 12056899765979, testhost.dll, TestRequestHandler.SendData: sending data from testhost: {"Version":7,"MessageType":"TestSession.Message","Payload":{"MessageLevel":0,"Message":"[xUnit.net 00:00:00.16]       Exception | -2147467262 |  - Unable to cast object of type 'BaSyx.Models.AdminShell.Reference' to type 'BaSyx.Models.AdminShell.IReference`1[BaSyx.Models.AdminShell.ISubmodel]'."}}
TpTrace Verbose: 0 : 282218, 14, 2025/12/10, 09:25:40.524, 12056899793429, testhost.dll, MulticastDelegateUtilities.SafeInvoke: TestRunMessageLoggerProxy.SendMessage: Invoking callback 1/1 for Microsoft.VisualStudio.TestPlatform.CrossPlatEngine.Execution.RunTestsWithSources., took 0 ms.
TpTrace Information: 0 : 282218, 14, 2025/12/10, 09:25:40.524, 12056899802703, testhost.dll, [xUnit.net 00:00:00.16]       
TpTrace Verbose: 0 : 282218, 14, 2025/12/10, 09:25:40.524, 12056899811596, testhost.dll, TestRequestHandler.SendData: sending data from testhost: {"Version":7,"MessageType":"TestSession.Message","Payload":{"MessageLevel":0,"Message":"[xUnit.net 00:00:00.16]       "}}
TpTrace Verbose: 0 : 282218, 14, 2025/12/10, 09:25:40.524, 12056899825420, testhost.dll, MulticastDelegateUtilities.SafeInvoke: TestRunMessageLoggerProxy.SendMessage: Invoking callback 1/1 for Microsoft.VisualStudio.TestPlatform.CrossPlatEngine.Execution.RunTestsWithSources., took 0 ms.
TpTrace Information: 0 : 282218, 14, 2025/12/10, 09:25:40.524, 12056900008646, testhost.dll, [xUnit.net 00:00:00.16]       Stack Trace:
TpTrace Verbose: 0 : 282218, 14, 2025/12/10, 09:25:40.524, 12056900036861, testhost.dll, TestRequestHandler.SendData: sending data from testhost: {"Version":7,"MessageType":"TestSession.Message","Payload":{"MessageLevel":0,"Message":"[xUnit.net 00:00:00.16]       Stack Trace:"}}
TpTrace Verbose: 0 : 282218, 14, 2025/12/10, 09:25:40.524, 12056900062706, testhost.dll, MulticastDelegateUtilities.SafeInvoke: TestRunMessageLoggerProxy.SendMessage: Invoking callback 1/1 for Microsoft.VisualStudio.TestPlatform.CrossPlatEngine.Execution.RunTestsWithSources., took 0 ms.
TpTrace Information: 0 : 282218, 14, 2025/12/10, 09:25:40.525, 12056900628291, testhost.dll, [xUnit.net 00:00:00.16]         /home/benjamin/AgentDevelopment/AAS-Sharp-Client/tests/AasSharpClient.Tests/RemoteShellIntegrationTests.cs(31,0): at AasSharpClient.Tests.RemoteShellIntegrationTests.Reads_ProductIdentification_From_Remote_Shell()
TpTrace Verbose: 0 : 282218, 14, 2025/12/10, 09:25:40.525, 12056900666841, testhost.dll, TestRequestHandler.SendData: sending data from testhost: {"Version":7,"MessageType":"TestSession.Message","Payload":{"MessageLevel":0,"Message":"[xUnit.net 00:00:00.16]         /home/benjamin/AgentDevelopment/AAS-Sharp-Client/tests/AasSharpClient.Tests/RemoteShellIntegrationTests.cs(31,0): at AasSharpClient.Tests.RemoteShellIntegrationTests.Reads_ProductIdentification_From_Remote_Shell()"}}
TpTrace Verbose: 0 : 282218, 14, 2025/12/10, 09:25:40.525, 12056900689559, testhost.dll, MulticastDelegateUtilities.SafeInvoke: TestRunMessageLoggerProxy.SendMessage: Invoking callback 1/1 for Microsoft.VisualStudio.TestPlatform.CrossPlatEngine.Execution.RunTestsWithSources., took 0 ms.
TpTrace Information: 0 : 282218, 14, 2025/12/10, 09:25:40.525, 12056900703000, testhost.dll, [xUnit.net 00:00:00.16]         --- End of stack trace from previous location ---
TpTrace Verbose: 0 : 282218, 14, 2025/12/10, 09:25:40.525, 12056900713462, testhost.dll, TestRequestHandler.SendData: sending data from testhost: {"Version":7,"MessageType":"TestSession.Message","Payload":{"MessageLevel":0,"Message":"[xUnit.net 00:00:00.16]         --- End of stack trace from previous location ---"}}
TpTrace Verbose: 0 : 282218, 14, 2025/12/10, 09:25:40.525, 12056900724749, testhost.dll, MulticastDelegateUtilities.SafeInvoke: TestRunMessageLoggerProxy.SendMessage: Invoking callback 1/1 for Microsoft.VisualStudio.TestPlatform.CrossPlatEngine.Execution.RunTestsWithSources., took 0 ms.
TpTrace Verbose: 0 : 282218, 14, 2025/12/10, 09:25:40.526, 12056901531582, testhost.dll, TestExecutionRecorder.RecordResult: Received result for test: AasSharpClient.Tests.RemoteShellIntegrationTests.Reads_ProductIdentification_From_Remote_Shell.
TpTrace Verbose: 0 : 282218, 14, 2025/12/10, 09:25:40.527, 12056902847830, testhost.dll, TestExecutionRecorder.RecordEnd: test: AasSharpClient.Tests.RemoteShellIntegrationTests.Reads_ProductIdentification_From_Remote_Shell execution completed.
TpTrace Warning: 0 : 282218, 14, 2025/12/10, 09:25:40.527, 12056902898147, testhost.dll, TestRunCache: InProgressTests is null
TpTrace Information: 0 : 282218, 4, 2025/12/10, 09:25:40.528, 12056903842848, testhost.dll, [xUnit.net 00:00:00.17]   Finished:    AasSharpClient.Tests
TpTrace Verbose: 0 : 282218, 4, 2025/12/10, 09:25:40.528, 12056903889020, testhost.dll, TestRequestHandler.SendData: sending data from testhost: {"Version":7,"MessageType":"TestSession.Message","Payload":{"MessageLevel":0,"Message":"[xUnit.net 00:00:00.17]   Finished:    AasSharpClient.Tests"}}
TpTrace Verbose: 0 : 282218, 4, 2025/12/10, 09:25:40.528, 12056903914884, testhost.dll, MulticastDelegateUtilities.SafeInvoke: TestRunMessageLoggerProxy.SendMessage: Invoking callback 1/1 for Microsoft.VisualStudio.TestPlatform.CrossPlatEngine.Execution.RunTestsWithSources., took 0 ms.
TpTrace Verbose: 0 : 282218, 4, 2025/12/10, 09:25:40.529, 12056905191278, testhost.dll, BaseRunTests.RunTestInternalWithExecutors: Completed running tests for executor://xunit/VsTestRunner2/netcoreapp
TpTrace Information: 0 : 282218, 4, 2025/12/10, 09:25:40.531, 12056907156182, testhost.dll, Sending test run complete
TpTrace Verbose: 0 : 282218, 4, 2025/12/10, 09:25:40.552, 12056928042936, testhost.dll, TestRequestHandler.SendData: sending data from testhost: {"Version":7,"MessageType":"TestExecution.Completed","Payload":{"TestRunCompleteArgs":{"TestRunStatistics":{"ExecutedTests":1,"Stats":{"Failed":1}},"IsCanceled":false,"IsAborted":false,"Error":null,"AttachmentSets":[],"InvokedDataCollectors":[],"ElapsedTimeInRunningTests":"00:00:00.1769746","Metrics":{},"DiscoveredExtensions":{"TestDiscoverers":["Xunit.Runner.VisualStudio.VsTestRunner, xunit.runner.visualstudio.testadapter, Version=2.8.2.0, Culture=neutral, PublicKeyToken=null"],"TestExecutors":["executor://xunit/VsTestRunner2/netcoreapp"],"TestExecutors2":[],"TestSettingsProviders":[]}},"LastRunTests":{"NewTestResults":[{"TestCase":{"Id":"5b3d90ce-212b-5c56-22c0-04e41318e828","FullyQualifiedName":"AasSharpClient.Tests.RemoteShellIntegrationTests.Reads_ProductIdentification_From_Remote_Shell","DisplayName":"AasSharpClient.Tests.RemoteShellIntegrationTests.Reads_ProductIdentification_From_Remote_Shell","ExecutorUri":"executor://xunit/VsTestRunner2/netcoreapp","Source":"/home/benjamin/AgentDevelopment/AAS-Sharp-Client/tests/AasSharpClient.Tests/bin/Debug/net10.0/AasSharpClient.Tests.dll","CodeFilePath":null,"LineNumber":0,"Properties":[]},"Attachments":[],"Outcome":2,"ErrorMessage":"Exception | -2147467262 |  - Unable to cast object of type 'BaSyx.Models.AdminShell.Reference' to type 'BaSyx.Models.AdminShell.IReference`1[BaSyx.Models.AdminShell.ISubmodel]'.\n","ErrorStackTrace":"   at AasSharpClient.Tests.RemoteShellIntegrationTests.Reads_ProductIdentification_From_Remote_Shell() in /home/benjamin/AgentDevelopment/AAS-Sharp-Client/tests/AasSharpClient.Tests/RemoteShellIntegrationTests.cs:line 31\n--- End of stack trace from previous location ---","DisplayName":"AasSharpClient.Tests.RemoteShellIntegrationTests.Reads_ProductIdentification_From_Remote_Shell","Messages":[],"ComputerName":"BeBlWorkstationUbuntu","Duration":"00:00:00.0674069","StartTime":"2025-12-10T08:25:40.5259479+00:00","EndTime":"2025-12-10T08:25:40.5259583+00:00","Properties":[]}],"TestRunStatistics":{"ExecutedTests":1,"Stats":{"Failed":1}},"ActiveTests":[]},"RunAttachments":[],"ExecutorUris":["executor://xunit/VsTestRunner2/netcoreapp"]}}
TpTrace Verbose: 0 : 282218, 4, 2025/12/10, 09:25:40.552, 12056928230498, testhost.dll, BaseRunTests.RunTests: Run is complete.
TpTrace Verbose: 0 : 282218, 5, 2025/12/10, 09:25:40.553, 12056928436571, testhost.dll, TcpClientExtensions.MessageLoopAsync: NotifyDataAvailable remoteEndPoint: [::ffff:127.0.0.1]:46087 localEndPoint: [::ffff:127.0.0.1]:55882
TpTrace Information: 0 : 282218, 5, 2025/12/10, 09:25:40.553, 12056928476050, testhost.dll, TestRequestHandler.OnMessageReceived: received message: (TestSession.Terminate) -> {"MessageType":"TestSession.Terminate","Payload":null}
TpTrace Information: 0 : 282218, 5, 2025/12/10, 09:25:40.553, 12056928489708, testhost.dll, Session End message received from server. Closing the connection.
TpTrace Information: 0 : 282218, 5, 2025/12/10, 09:25:40.553, 12056928715117, testhost.dll, SocketClient.Stop: Stop communication from server endpoint: 127.0.0.1:046087
TpTrace Information: 0 : 282218, 1, 2025/12/10, 09:25:40.553, 12056928716144, testhost.dll, SocketClient.Stop: Stop communication from server endpoint: 127.0.0.1:046087
TpTrace Information: 0 : 282218, 1, 2025/12/10, 09:25:40.553, 12056928747905, testhost.dll, SocketClient: Stop: Cancellation requested. Stopping message loop.
TpTrace Information: 0 : 282218, 5, 2025/12/10, 09:25:40.553, 12056928730969, testhost.dll, SocketClient: Stop: Cancellation requested. Stopping message loop.
TpTrace Verbose: 0 : 282218, 5, 2025/12/10, 09:25:40.553, 12056928805462, testhost.dll, LengthPrefixCommunicationChannel.Dispose: Dispose reader and writer.
TpTrace Verbose: 0 : 282218, 1, 2025/12/10, 09:25:40.553, 12056928804894, testhost.dll, LengthPrefixCommunicationChannel.Dispose: Dispose reader and writer.
TpTrace Information: 0 : 282218, 5, 2025/12/10, 09:25:40.553, 12056928817598, testhost.dll, Closing the connection !
TpTrace Verbose: 0 : 282218, 5, 2025/12/10, 09:25:40.553, 12056928826695, testhost.dll, MulticastDelegateUtilities.SafeInvoke: LengthPrefixCommunicationChannel: MessageReceived: Invoking callback 1/1 for Microsoft.VisualStudio.TestPlatform.CommunicationUtilities.TestRequestHandler., took 0 ms.
TpTrace Information: 0 : 282218, 1, 2025/12/10, 09:25:40.553, 12056928840761, testhost.dll, Testhost process exiting.
TpTrace Information: 0 : 282218, 5, 2025/12/10, 09:25:40.553, 12056928938923, testhost.dll, SocketClient.PrivateStop: Stop communication from server endpoint: 127.0.0.1:046087, error:
TpTrace Verbose: 0 : 282218, 5, 2025/12/10, 09:25:40.553, 12056928999383, testhost.dll, LengthPrefixCommunicationChannel.Dispose: Dispose reader and writer.
TpTrace Verbose: 0 : 282218, 5, 2025/12/10, 09:25:40.553, 12056929016053, testhost.dll, TcpClientExtensions.MessageLoopAsync: exiting MessageLoopAsync remoteEndPoint: [::ffff:127.0.0.1]:46087 localEndPoint: [::ffff:127.0.0.1]:55882
